<?xml version="1.0" encoding="UTF-8"?>
<!-- Generated by org.testng.reporters.JUnitReportReporter -->
<testsuite skipped="2" hostname="N9626" name="MyGroupID.MyArtifactID.SecondTest" tests="2" failures="0" timestamp="2020-11-09T17:11:39 IST" time="0.000" errors="0">
  <testcase name="testMethodOne" time="0.000" classname="MyGroupID.MyArtifactID.SecondTest">
    <skipped/>
  </testcase> <!-- testMethodOne -->
  <system-out/>
  <testcase name="testMethodTwo" time="0.000" classname="MyGroupID.MyArtifactID.SecondTest">
    <skipped/>
  </testcase> <!-- testMethodTwo -->
  <system-out/>
</testsuite> <!-- MyGroupID.MyArtifactID.SecondTest -->
