<?xml version="1.0" encoding="UTF-8"?>
<!-- Generated by org.testng.reporters.JUnitReportReporter -->
<testsuite skipped="0" hostname="N9626" name="MyGroupID.MyArtifactID.AppTest" tests="1" failures="0" timestamp="2020-11-09T17:11:39 IST" time="0.001" errors="0">
  <testcase name="testApp" time="0.001" classname="MyGroupID.MyArtifactID.AppTest"/>
  <system-out/>
</testsuite> <!-- MyGroupID.MyArtifactID.AppTest -->
