<?xml version="1.0" encoding="UTF-8"?>
<!-- Generated by org.testng.reporters.JUnitReportReporter -->
<testsuite hostname="N9626" name="MyGroupID.MyArtifactID.SecondTest" tests="2" failures="0" timestamp="21 Oct 2020 17:30:56 GMT" time="0.017" errors="0">
  <testcase name="MethodOne" time="0.014" classname="MyGroupID.MyArtifactID.SecondTest"/>
  <testcase name="MethodTwo" time="0.003" classname="MyGroupID.MyArtifactID.SecondTest"/>
</testsuite> <!-- MyGroupID.MyArtifactID.SecondTest -->
