<?xml version="1.0" encoding="UTF-8"?>
<!-- Generated by org.testng.reporters.JUnitReportReporter -->
<testsuite hostname="N9626" name="MyGroupID.MyArtifactID.TestOneWithMVN" tests="1" failures="0" timestamp="21 Oct 2020 16:02:22 GMT" time="0.003" errors="0">
  <testcase name="MethodOne" time="0.003" classname="MyGroupID.MyArtifactID.TestOneWithMVN"/>
</testsuite> <!-- MyGroupID.MyArtifactID.TestOneWithMVN -->
